# JRE version: Java(TM) SE Runtime Environment (16.0.1+9) (build 16.0.1+9-24)
# Java VM: Java HotSpot(TM) 64-Bit Server VM (16.0.1+9-24, mixed mode, sharing, tiered, compressed oops, compressed class ptrs, g1 gc, windows-amd64)
GC Precious Log:
 CPUs: 8 total, 8 available
 Memory: 7113M
 Large Page Support: Disabled
 NUMA Support: Disabled
 Compressed Oops: Enabled (32-bit)
 Heap Region Size: 1M
 Heap Min Capacity: 8M
 Heap Initial Capacity: 112M
 Heap Max Capacity: 1780M
 Pre-touch: Disabled
 Parallel Workers: 8
 Concurrent Workers: 2
 Concurrent Refinement Workers: 8
 Periodic GC: Disabled
Heap:
 garbage-first heap   total 82944K, used 44345K [0x0000000090c00000, 0x0000000100000000)
  region size 1024K, 14 young (14336K), 3 survivors (3072K)
 Metaspace       used 55904K, committed 56320K, reserved 1097728K
  class space    used 7522K, committed 7744K, reserved 1048576K
GC Heap History (20 events):
Event: 3.881 GC heap before
{Heap before GC invocations=3 (full 0):
 garbage-first heap   total 114688K, used 68922K [0x0000000090c00000, 0x0000000100000000)
  region size 1024K, 62 young (63488K), 4 survivors (4096K)
 Metaspace       used 20995K, committed 21248K, reserved 1073152K
  class space    used 2613K, committed 2752K, reserved 1048576K
}
Event: 3.889 GC heap after
{Heap after GC invocations=4 (full 0):
 garbage-first heap   total 114688K, used 13059K [0x0000000090c00000, 0x0000000100000000)
  region size 1024K, 5 young (5120K), 5 survivors (5120K)
 Metaspace       used 20995K, committed 21248K, reserved 1073152K
  class space    used 2613K, committed 2752K, reserved 1048576K
}
Event: 5.478 GC heap before
{Heap before GC invocations=5 (full 0):
 garbage-first heap   total 48128K, used 47875K [0x0000000090c00000, 0x0000000100000000)
  region size 1024K, 39 young (39936K), 5 survivors (5120K)
 Metaspace       used 25687K, committed 25984K, reserved 1073152K
  class space    used 3263K, committed 3392K, reserved 1048576K
}
Event: 5.495 GC heap after
{Heap after GC invocations=6 (full 0):
 garbage-first heap   total 57344K, used 15701K [0x0000000090c00000, 0x0000000100000000)
  region size 1024K, 7 young (7168K), 7 survivors (7168K)
 Metaspace       used 25687K, committed 25984K, reserved 1073152K
  class space    used 3263K, committed 3392K, reserved 1048576K
}
Event: 6.220 GC heap before
{Heap before GC invocations=6 (full 0):
 garbage-first heap   total 57344K, used 38229K [0x0000000090c00000, 0x0000000100000000)
  region size 1024K, 30 young (30720K), 7 survivors (7168K)
 Metaspace       used 29528K, committed 29888K, reserved 1081344K
  class space    used 3822K, committed 3968K, reserved 1048576K
}
Event: 6.236 GC heap after
{Heap after GC invocations=7 (full 0):
 garbage-first heap   total 57344K, used 17385K [0x0000000090c00000, 0x0000000100000000)
  region size 1024K, 2 young (2048K), 2 survivors (2048K)
 Metaspace       used 29528K, committed 29888K, reserved 1081344K
  class space    used 3822K, committed 3968K, reserved 1048576K
}
Event: 7.059 GC heap before
{Heap before GC invocations=7 (full 0):
 garbage-first heap   total 57344K, used 35817K [0x0000000090c00000, 0x0000000100000000)
  region size 1024K, 22 young (22528K), 2 survivors (2048K)
 Metaspace       used 35149K, committed 35520K, reserved 1081344K
  class space    used 4592K, committed 4800K, reserved 1048576K
}
Event: 7.072 GC heap after
{Heap after GC invocations=8 (full 0):
 garbage-first heap   total 69632K, used 18379K [0x0000000090c00000, 0x0000000100000000)
  region size 1024K, 3 young (3072K), 3 survivors (3072K)
 Metaspace       used 35149K, committed 35520K, reserved 1081344K
  class space    used 4592K, committed 4800K, reserved 1048576K
}
Event: 8.832 GC heap before
{Heap before GC invocations=9 (full 0):
 garbage-first heap   total 68608K, used 51147K [0x0000000090c00000, 0x0000000100000000)
  region size 1024K, 35 young (35840K), 3 survivors (3072K)
 Metaspace       used 43277K, committed 43584K, reserved 1089536K
  class space    used 5731K, committed 5888K, reserved 1048576K
}
Event: 8.843 GC heap after
{Heap after GC invocations=10 (full 0):
 garbage-first heap   total 68608K, used 20387K [0x0000000090c00000, 0x0000000100000000)
  region size 1024K, 4 young (4096K), 4 survivors (4096K)
 Metaspace       used 43277K, committed 43584K, reserved 1089536K
  class space    used 5731K, committed 5888K, reserved 1048576K
}
Event: 9.709 GC heap before
{Heap before GC invocations=10 (full 0):
 garbage-first heap   total 68608K, used 51107K [0x0000000090c00000, 0x0000000100000000)
  region size 1024K, 34 young (34816K), 4 survivors (4096K)
 Metaspace       used 47945K, committed 48256K, reserved 1097728K
  class space    used 6361K, committed 6528K, reserved 1048576K
}
Event: 9.723 GC heap after
{Heap after GC invocations=11 (full 0):
 garbage-first heap   total 68608K, used 22241K [0x0000000090c00000, 0x0000000100000000)
  region size 1024K, 4 young (4096K), 4 survivors (4096K)
 Metaspace       used 47945K, committed 48256K, reserved 1097728K
  class space    used 6361K, committed 6528K, reserved 1048576K
}
Event: 10.623 GC heap before
{Heap before GC invocations=11 (full 0):
 garbage-first heap   total 68608K, used 51937K [0x0000000090c00000, 0x0000000100000000)
  region size 1024K, 33 young (33792K), 4 survivors (4096K)
 Metaspace       used 49903K, committed 50240K, reserved 1097728K
  class space    used 6615K, committed 6784K, reserved 1048576K
}
Event: 10.645 GC heap after
{Heap after GC invocations=12 (full 0):
 garbage-first heap   total 68608K, used 25313K [0x0000000090c00000, 0x0000000100000000)
  region size 1024K, 5 young (5120K), 5 survivors (5120K)
 Metaspace       used 49903K, committed 50240K, reserved 1097728K
  class space    used 6615K, committed 6784K, reserved 1048576K
}
Event: 11.570 GC heap before
{Heap before GC invocations=12 (full 0):
 garbage-first heap   total 68608K, used 51937K [0x0000000090c00000, 0x0000000100000000)
  region size 1024K, 31 young (31744K), 5 survivors (5120K)
 Metaspace       used 51707K, committed 52096K, reserved 1097728K
  class space    used 6892K, committed 7104K, reserved 1048576K
}
Event: 11.603 GC heap after
{Heap after GC invocations=13 (full 0):
 garbage-first heap   total 68608K, used 28418K [0x0000000090c00000, 0x0000000100000000)
  region size 1024K, 3 young (3072K), 3 survivors (3072K)
 Metaspace       used 51707K, committed 52096K, reserved 1097728K
  class space    used 6892K, committed 7104K, reserved 1048576K
}
Event: 12.513 GC heap before
{Heap before GC invocations=13 (full 0):
 garbage-first heap   total 68608K, used 51970K [0x0000000090c00000, 0x0000000100000000)
  region size 1024K, 27 young (27648K), 3 survivors (3072K)
 Metaspace       used 53229K, committed 53632K, reserved 1097728K
  class space    used 7094K, committed 7296K, reserved 1048576K
}
Event: 12.528 GC heap after
{Heap after GC invocations=14 (full 0):
 garbage-first heap   total 68608K, used 31026K [0x0000000090c00000, 0x0000000100000000)
  region size 1024K, 3 young (3072K), 3 survivors (3072K)
 Metaspace       used 53229K, committed 53632K, reserved 1097728K
  class space    used 7094K, committed 7296K, reserved 1048576K
}
Event: 13.053 GC heap before
{Heap before GC invocations=14 (full 0):
 garbage-first heap   total 68608K, used 52530K [0x0000000090c00000, 0x0000000100000000)
  region size 1024K, 24 young (24576K), 3 survivors (3072K)
 Metaspace       used 53968K, committed 54336K, reserved 1097728K
  class space    used 7187K, committed 7360K, reserved 1048576K
}
Event: 13.071 GC heap after
{Heap after GC invocations=15 (full 0):
 garbage-first heap   total 82944K, used 34105K [0x0000000090c00000, 0x0000000100000000)
  region size 1024K, 3 young (3072K), 3 survivors (3072K)
 Metaspace       used 53968K, committed 54336K, reserved 1097728K
  class space    used 7187K, committed 7360K, reserved 1048576K
}

